<?xml version="1.0" encoding="UTF-8"?>
<!-- Generated by org.testng.reporters.JUnitXMLReporter -->
<testsuite hostname="DESKTOP-QJ6TVTA" ignored="3" name="Default test" tests="4" failures="0" timestamp="14 Feb 2021 12:15:19 GMT" time="46.982" errors="0">
  <testcase name="verifyInvalidLogin" time="7.002" classname="com.qa.automationPractice.tests.LoginPageTest"/>
  <testcase name="verifyInvalidLogin" time="8.059" classname="com.qa.automationPractice.tests.LoginPageTest"/>
  <testcase name="verifyInvalidLogin" time="7.06" classname="com.qa.automationPractice.tests.LoginPageTest"/>
  <testcase name="verifyInvalidLogin" time="7.986" classname="com.qa.automationPractice.tests.LoginPageTest"/>
  <testcase name="verifyLoginPageTitleTest" time="0.0" classname="com.qa.automationPractice.tests.LoginPageTest">
    <ignored/>
  </testcase> <!-- verifyLoginPageTitleTest -->
  <testcase name="verifyLogin" time="0.0" classname="com.qa.automationPractice.tests.LoginPageTest">
    <ignored/>
  </testcase> <!-- verifyLogin -->
  <testcase name="verifyLoginPageHeaderTest" time="0.0" classname="com.qa.automationPractice.tests.LoginPageTest">
    <ignored/>
  </testcase> <!-- verifyLoginPageHeaderTest -->
</testsuite> <!-- Default test -->
