<?xml version="1.0" encoding="UTF-8"?>
<!-- Generated by org.testng.reporters.JUnitXMLReporter -->
<testsuite hostname="DESKTOP-QJ6TVTA" ignored="0" name="Test" tests="10" failures="0" timestamp="24 Jan 2021 11:45:33 GMT" time="41.014" errors="0">
  <testcase name="verifyHomePageTitle" time="0.014" classname="com.qa.automationPractice.tests.HomePageTest"/>
  <testcase name="verifyLoginPageTitleTest" time="0.01" classname="com.qa.automationPractice.tests.LoginPageTest"/>
  <testcase name="verifyHomePageHeader" time="0.164" classname="com.qa.automationPractice.tests.HomePageTest"/>
  <testcase name="verifyLoginPageHeaderTest" time="0.063" classname="com.qa.automationPractice.tests.LoginPageTest"/>
  <testcase name="verifyUserLoggedin" time="0.084" classname="com.qa.automationPractice.tests.HomePageTest"/>
  <testcase name="verifyInvalidLogin" time="2.186" classname="com.qa.automationPractice.tests.LoginPageTest"/>
  <testcase name="verifyInvalidLogin" time="1.828" classname="com.qa.automationPractice.tests.LoginPageTest"/>
  <testcase name="verifyInvalidLogin" time="1.85" classname="com.qa.automationPractice.tests.LoginPageTest"/>
  <testcase name="verifyInvalidLogin" time="1.725" classname="com.qa.automationPractice.tests.LoginPageTest"/>
  <testcase name="verifyLogin" time="3.922" classname="com.qa.automationPractice.tests.LoginPageTest"/>
</testsuite> <!-- Test -->
