<?xml version="1.0" encoding="UTF-8"?>
<testsuite xmlns:xsi="http://www.w3.org/2001/XMLSchema-instance" xsi:noNamespaceSchemaLocation="https://maven.apache.org/surefire/maven-surefire-plugin/xsd/surefire-test-report-3.0.xsd" version="3.0" name="TestSuite" time="89.624" tests="10" errors="0" skipped="0" failures="0">
  <properties>
[...]
</properties>
  <testcase name="verifyHomePageTitle" classname="com.qa.automationPractice.tests.HomePageTest" time="0.01">
    <system-out><![CDATA[Home page title is My account - My Store
]]></system-out>
    <system-err><![CDATA[SLF4J: Failed to load class "org.slf4j.impl.StaticLoggerBinder".
SLF4J: Defaulting to no-operation (NOP) logger implementation
SLF4J: See http://www.slf4j.org/codes.html#StaticLoggerBinder for further details.
Starting ChromeDriver 88.0.4324.96 (68dba2d8a0b149a1d3afac56fa74648032bcf46b-refs/branch-heads/4324@{#1784}) on port 5604
Only local connections are allowed.
Please see https://chromedriver.chromium.org/security-considerations for suggestions on keeping ChromeDriver safe.
ChromeDriver was started successfully.
Feb 14, 2021 5:58:31 PM org.openqa.selenium.remote.ProtocolHandshake createSession
INFO: Detected dialect: W3C
Starting ChromeDriver 88.0.4324.96 (68dba2d8a0b149a1d3afac56fa74648032bcf46b-refs/branch-heads/4324@{#1784}) on port 24892
Only local connections are allowed.
Please see https://chromedriver.chromium.org/security-considerations for suggestions on keeping ChromeDriver safe.
ChromeDriver was started successfully.
Feb 14, 2021 5:59:00 PM org.openqa.selenium.remote.ProtocolHandshake createSession
INFO: Detected dialect: W3C
]]></system-err>
  </testcase>
  <testcase name="verifyHomePageHeader" classname="com.qa.automationPractice.tests.HomePageTest" time="0.081">
    <system-out><![CDATA[Home page header is MY ACCOUNT
]]></system-out>
  </testcase>
  <testcase name="verifyUserLoggedin" classname="com.qa.automationPractice.tests.HomePageTest" time="0.115">
    <system-out><![CDATA[LoggedIn username is Balaji Kannappa
]]></system-out>
  </testcase>
  <testcase name="verifyLoginPageTitleTest" classname="com.qa.automationPractice.tests.LoginPageTest" time="0.018">
    <system-out><![CDATA[Login - My Store
]]></system-out>
  </testcase>
  <testcase name="verifyLoginPageHeaderTest" classname="com.qa.automationPractice.tests.LoginPageTest" time="0.06"/>
  <testcase name="verifyInvalidLogin[test@gmail.com, test](1)" classname="com.qa.automationPractice.tests.LoginPageTest" time="7.889"/>
  <testcase name="verifyInvalidLogin[test123@gmail.com,  ](2)" classname="com.qa.automationPractice.tests.LoginPageTest" time="8.091"/>
  <testcase name="verifyInvalidLogin[ , password](3)" classname="com.qa.automationPractice.tests.LoginPageTest" time="8.51"/>
  <testcase name="verifyInvalidLogin[test1234@gmail.com, jjiko](4)" classname="com.qa.automationPractice.tests.LoginPageTest" time="6.511"/>
  <testcase name="verifyLogin" classname="com.qa.automationPractice.tests.LoginPageTest" time="11.244"/>
</testsuite>