<?xml version="1.0" encoding="UTF-8"?>
<!-- Generated by org.testng.reporters.JUnitXMLReporter -->
<testsuite hostname="DESKTOP-QJ6TVTA" ignored="0" name="AutomationPractice Automation tests" tests="10" failures="0" timestamp="13 Feb 2021 18:30:47 GMT" time="94.02" errors="0">
  <testcase name="verifyHomePageTitle" time="0.014" classname="com.qa.automationPractice.tests.HomePageTest"/>
  <testcase name="verifyLoginPageTitleTest" time="0.034" classname="com.qa.automationPractice.tests.LoginPageTest"/>
  <testcase name="verifyHomePageHeader" time="0.128" classname="com.qa.automationPractice.tests.HomePageTest"/>
  <testcase name="verifyLoginPageHeaderTest" time="0.055" classname="com.qa.automationPractice.tests.LoginPageTest"/>
  <testcase name="verifyUserLoggedin" time="0.102" classname="com.qa.automationPractice.tests.HomePageTest"/>
  <testcase name="verifyInvalidLogin" time="7.757" classname="com.qa.automationPractice.tests.LoginPageTest"/>
  <testcase name="verifyInvalidLogin" time="8.582" classname="com.qa.automationPractice.tests.LoginPageTest"/>
  <testcase name="verifyInvalidLogin" time="7.931" classname="com.qa.automationPractice.tests.LoginPageTest"/>
  <testcase name="verifyInvalidLogin" time="8.68" classname="com.qa.automationPractice.tests.LoginPageTest"/>
  <testcase name="verifyLogin" time="12.947" classname="com.qa.automationPractice.tests.LoginPageTest"/>
</testsuite> <!-- AutomationPractice Automation tests -->
