<?xml version="1.0" encoding="UTF-8"?>
<!-- Generated by org.testng.reporters.JUnitXMLReporter -->
<testsuite ignored="0" hostname="DESKTOP-QJ6TVTA" failures="0" tests="10" name="AutomationPractice Automation tests" time="88.625" errors="0" timestamp="14 Feb 2021 12:29:57 GMT">
  <testcase classname="com.qa.automationPractice.tests.HomePageTest" name="verifyHomePageTitle" time="0.056"/>
  <testcase classname="com.qa.automationPractice.tests.LoginPageTest" name="verifyLoginPageTitleTest" time="0.036"/>
  <testcase classname="com.qa.automationPractice.tests.HomePageTest" name="verifyHomePageHeader" time="0.216"/>
  <testcase classname="com.qa.automationPractice.tests.LoginPageTest" name="verifyLoginPageHeaderTest" time="0.061"/>
  <testcase classname="com.qa.automationPractice.tests.HomePageTest" name="verifyUserLoggedin" time="0.111"/>
  <testcase classname="com.qa.automationPractice.tests.LoginPageTest" name="verifyInvalidLogin" time="7.89"/>
  <testcase classname="com.qa.automationPractice.tests.LoginPageTest" name="verifyInvalidLogin" time="8.091"/>
  <testcase classname="com.qa.automationPractice.tests.LoginPageTest" name="verifyInvalidLogin" time="8.509"/>
  <testcase classname="com.qa.automationPractice.tests.LoginPageTest" name="verifyInvalidLogin" time="6.513"/>
  <testcase classname="com.qa.automationPractice.tests.LoginPageTest" name="verifyLogin" time="11.245"/>
</testsuite> <!-- AutomationPractice Automation tests -->
